<?xml version="1.0" encoding="UTF-8"?>
<testng-results ignored="0" total="29" passed="26" failed="3" skipped="0">
  <reporter-output>
  </reporter-output>
  <suite started-at="2024-11-25T09:44:51 CST" name="CrossBrowserSuite" finished-at="2024-11-25T09:47:17 CST" duration-ms="145945">
    <groups>
    </groups>
    <test started-at="2024-11-25T09:44:51 CST" name="ChromeTest" finished-at="2024-11-25T09:45:52 CST" duration-ms="60714">
      <class name="tests.GraphPageTests">
        <test-method is-config="true" signature="setupTest(java.lang.String)[pri:0, instance:tests.GraphPageTests@20b2475a]" started-at="2024-11-25T09:45:05 CST" name="setupTest" finished-at="2024-11-25T09:45:08 CST" duration-ms="3125" status="PASS">
          <params>
            <param index="0">
              <value>
                <![CDATA[chrome]]>
              </value>
            </param>
          </params>
          <reporter-output>
          </reporter-output>
        </test-method> <!-- setupTest -->
        <test-method is-config="true" signature="graphSetupBeforeMethod()[pri:0, instance:tests.GraphPageTests@20b2475a]" started-at="2024-11-25T09:45:08 CST" name="graphSetupBeforeMethod" finished-at="2024-11-25T09:45:11 CST" duration-ms="2267" status="PASS">
          <reporter-output>
          </reporter-output>
        </test-method> <!-- graphSetupBeforeMethod -->
        <test-method signature="shouldNavigateToGraphPageFromTopicsCovered()[pri:0, instance:tests.GraphPageTests@20b2475a]" started-at="2024-11-25T09:45:11 CST" name="shouldNavigateToGraphPageFromTopicsCovered" finished-at="2024-11-25T09:45:11 CST" duration-ms="482" status="PASS">
          <reporter-output>
          </reporter-output>
        </test-method> <!-- shouldNavigateToGraphPageFromTopicsCovered -->
        <test-method is-config="true" signature="graphSetupBeforeMethod()[pri:0, instance:tests.GraphPageTests@20b2475a]" started-at="2024-11-25T09:45:11 CST" name="graphSetupBeforeMethod" finished-at="2024-11-25T09:45:12 CST" duration-ms="1380" status="PASS">
          <reporter-output>
          </reporter-output>
        </test-method> <!-- graphSetupBeforeMethod -->
        <test-method signature="shouldNavigateToGraphRepresentationsPageFromGraph()[pri:0, instance:tests.GraphPageTests@20b2475a]" started-at="2024-11-25T09:45:12 CST" name="shouldNavigateToGraphRepresentationsPageFromGraph" finished-at="2024-11-25T09:45:13 CST" duration-ms="709" status="PASS">
          <reporter-output>
          </reporter-output>
        </test-method> <!-- shouldNavigateToGraphRepresentationsPageFromGraph -->
        <test-method is-config="true" signature="graphSetupBeforeMethod()[pri:0, instance:tests.GraphPageTests@20b2475a]" started-at="2024-11-25T09:45:13 CST" name="graphSetupBeforeMethod" finished-at="2024-11-25T09:45:14 CST" duration-ms="1246" status="PASS">
          <reporter-output>
          </reporter-output>
        </test-method> <!-- graphSetupBeforeMethod -->
        <test-method signature="shouldNavigateToGraphRepresentationsPageFromTopicsCovered()[pri:0, instance:tests.GraphPageTests@20b2475a]" started-at="2024-11-25T09:45:14 CST" name="shouldNavigateToGraphRepresentationsPageFromTopicsCovered" finished-at="2024-11-25T09:45:15 CST" duration-ms="530" status="PASS">
          <reporter-output>
          </reporter-output>
        </test-method> <!-- shouldNavigateToGraphRepresentationsPageFromTopicsCovered -->
        <test-method is-config="true" signature="graphSetupBeforeMethod()[pri:0, instance:tests.GraphPageTests@20b2475a]" started-at="2024-11-25T09:45:15 CST" name="graphSetupBeforeMethod" finished-at="2024-11-25T09:45:16 CST" duration-ms="1451" status="PASS">
          <reporter-output>
          </reporter-output>
        </test-method> <!-- graphSetupBeforeMethod -->
        <test-method signature="shouldNavigateToPracticeQuestionsPageFromGraphRepresentations()[pri:0, instance:tests.GraphPageTests@20b2475a]" started-at="2024-11-25T09:45:16 CST" name="shouldNavigateToPracticeQuestionsPageFromGraphRepresentations" finished-at="2024-11-25T09:45:27 CST" duration-ms="10975" status="FAIL">
          <exception class="java.lang.AssertionError">
            <message>
              <![CDATA[functionality not implemented]]>
            </message>
            <full-stacktrace>
              <![CDATA[java.lang.AssertionError: functionality not implemented
at pages.GraphPage.getPageHeading(GraphPage.java:57)
at tests.GraphPageTests.assertPageUrlAndHeading(GraphPageTests.java:78)
at tests.GraphPageTests.shouldNavigateToPracticeQuestionsPageFromGraphRepresentations(GraphPageTests.java:57)
at java.base/jdk.internal.reflect.DirectMethodHandleAccessor.invoke(DirectMethodHandleAccessor.java:103)
at java.base/java.lang.reflect.Method.invoke(Method.java:580)
at org.testng.internal.invokers.MethodInvocationHelper.invokeMethod(MethodInvocationHelper.java:141)
at org.testng.internal.invokers.TestInvoker.invokeMethod(TestInvoker.java:686)
at org.testng.internal.invokers.TestInvoker.invokeTestMethod(TestInvoker.java:230)
at org.testng.internal.invokers.MethodRunner.runInSequence(MethodRunner.java:63)
at org.testng.internal.invokers.TestInvoker$MethodInvocationAgent.invoke(TestInvoker.java:992)
at org.testng.internal.invokers.TestInvoker.invokeTestMethods(TestInvoker.java:203)
at org.testng.internal.invokers.TestMethodWorker.invokeTestMethods(TestMethodWorker.java:154)
at org.testng.internal.invokers.TestMethodWorker.run(TestMethodWorker.java:134)
at java.base/java.util.ArrayList.forEach(ArrayList.java:1597)
at org.testng.TestRunner.privateRun(TestRunner.java:739)
at org.testng.TestRunner.run(TestRunner.java:614)
at org.testng.SuiteRunner.runTest(SuiteRunner.java:421)
at org.testng.SuiteRunner.runSequentially(SuiteRunner.java:413)
at org.testng.SuiteRunner.privateRun(SuiteRunner.java:373)
at org.testng.SuiteRunner.run(SuiteRunner.java:312)
at org.testng.SuiteRunnerWorker.runSuite(SuiteRunnerWorker.java:52)
at org.testng.SuiteRunnerWorker.run(SuiteRunnerWorker.java:95)
at org.testng.TestNG.runSuitesSequentially(TestNG.java:1274)
at org.testng.TestNG.runSuitesLocally(TestNG.java:1208)
at org.testng.TestNG.runSuites(TestNG.java:1112)
at org.testng.TestNG.run(TestNG.java:1079)
at org.apache.maven.surefire.testng.TestNGExecutor.run(TestNGExecutor.java:284)
at org.apache.maven.surefire.testng.TestNGXmlTestSuite.execute(TestNGXmlTestSuite.java:75)
at org.apache.maven.surefire.testng.TestNGProvider.invoke(TestNGProvider.java:119)
at org.apache.maven.surefire.booter.ForkedBooter.runSuitesInProcess(ForkedBooter.java:428)
at org.apache.maven.surefire.booter.ForkedBooter.execute(ForkedBooter.java:162)
at org.apache.maven.surefire.booter.ForkedBooter.run(ForkedBooter.java:562)
at org.apache.maven.surefire.booter.ForkedBooter.main(ForkedBooter.java:548)
Caused by: org.openqa.selenium.TimeoutException: Expected condition failed: waiting for visibility of Proxy element for: DefaultElementLocator 'By.xpath: //strong//p[contains(@class,'bg-secondary')]' (tried for 10 second(s) with 500 milliseconds interval)
at org.openqa.selenium.support.ui.WebDriverWait.timeoutException(WebDriverWait.java:84)
at org.openqa.selenium.support.ui.FluentWait.until(FluentWait.java:228)
at utils.WebDriverWaitUtility.waitForElementToBeVisible(WebDriverWaitUtility.java:21)
at pages.GraphPage.getPageHeading(GraphPage.java:53)
... 32 more
Caused by: org.openqa.selenium.NoSuchElementException: no such element: Unable to locate element: {"method":"xpath","selector":"//strong//p[contains(@class,'bg-secondary')]"}
  (Session info: chrome=131.0.6778.86)
For documentation on this error, please visit: https://www.selenium.dev/documentation/webdriver/troubleshooting/errors#no-such-element-exception
Build info: version: '4.25.0', revision: '8a8aea2337'
System info: os.name: 'Windows 11', os.arch: 'amd64', os.version: '10.0', java.version: '22.0.2'
Driver info: org.openqa.selenium.chrome.ChromeDriver
Command: [872d8b22f0920c5316970563e97bd3b7, findElement {value=//strong//p[contains(@class,'bg-secondary')], using=xpath}]
Capabilities {acceptInsecureCerts: false, browserName: chrome, browserVersion: 131.0.6778.86, chrome: {chromedriverVersion: 131.0.6778.85 (3d81e41b6f3a..., userDataDir: C:\Users\srivi\AppData\Loca...}, fedcm:accounts: true, goog:chromeOptions: {debuggerAddress: localhost:52283}, networkConnectionEnabled: false, pageLoadStrategy: normal, platformName: windows, proxy: Proxy(), se:cdp: ws://localhost:52283/devtoo..., se:cdpVersion: 131.0.6778.86, setWindowRect: true, strictFileInteractability: false, timeouts: {implicit: 0, pageLoad: 300000, script: 30000}, unhandledPromptBehavior: dismiss and notify, webauthn:extension:credBlob: true, webauthn:extension:largeBlob: true, webauthn:extension:minPinLength: true, webauthn:extension:prf: true, webauthn:virtualAuthenticators: true}
Session ID: 872d8b22f0920c5316970563e97bd3b7
at java.base/jdk.internal.reflect.DirectConstructorHandleAccessor.newInstance(DirectConstructorHandleAccessor.java:62)
at java.base/java.lang.reflect.Constructor.newInstanceWithCaller(Constructor.java:502)
at java.base/java.lang.reflect.Constructor.newInstance(Constructor.java:486)
at org.openqa.selenium.remote.ErrorCodec.decode(ErrorCodec.java:167)
at org.openqa.selenium.remote.codec.w3c.W3CHttpResponseCodec.decode(W3CHttpResponseCodec.java:138)
at org.openqa.selenium.remote.codec.w3c.W3CHttpResponseCodec.decode(W3CHttpResponseCodec.java:50)
at org.openqa.selenium.remote.HttpCommandExecutor.execute(HttpCommandExecutor.java:190)
at org.openqa.selenium.remote.service.DriverCommandExecutor.invokeExecute(DriverCommandExecutor.java:216)
at org.openqa.selenium.remote.service.DriverCommandExecutor.execute(DriverCommandExecutor.java:174)
at org.openqa.selenium.remote.RemoteWebDriver.execute(RemoteWebDriver.java:545)
at org.openqa.selenium.remote.ElementLocation$ElementFinder$2.findElement(ElementLocation.java:165)
at org.openqa.selenium.remote.ElementLocation.findElement(ElementLocation.java:59)
at org.openqa.selenium.remote.RemoteWebDriver.findElement(RemoteWebDriver.java:368)
at org.openqa.selenium.remote.RemoteWebDriver.findElement(RemoteWebDriver.java:362)
at org.openqa.selenium.support.pagefactory.DefaultElementLocator.findElement(DefaultElementLocator.java:68)
at org.openqa.selenium.support.pagefactory.internal.LocatingElementHandler.invoke(LocatingElementHandler.java:38)
at jdk.proxy2/jdk.proxy2.$Proxy27.isDisplayed(Unknown Source)
at org.openqa.selenium.support.ui.ExpectedConditions.elementIfVisible(ExpectedConditions.java:304)
at org.openqa.selenium.support.ui.ExpectedConditions$10.apply(ExpectedConditions.java:290)
at org.openqa.selenium.support.ui.ExpectedConditions$10.apply(ExpectedConditions.java:287)
at org.openqa.selenium.support.ui.FluentWait.until(FluentWait.java:203)
... 34 more
]]>
            </full-stacktrace>
          </exception> <!-- java.lang.AssertionError -->
          <reporter-output>
          </reporter-output>
        </test-method> <!-- shouldNavigateToPracticeQuestionsPageFromGraphRepresentations -->
        <test-method is-config="true" signature="graphSetupBeforeMethod()[pri:0, instance:tests.GraphPageTests@20b2475a]" started-at="2024-11-25T09:45:27 CST" name="graphSetupBeforeMethod" finished-at="2024-11-25T09:45:30 CST" duration-ms="2554" status="PASS">
          <reporter-output>
          </reporter-output>
        </test-method> <!-- graphSetupBeforeMethod -->
        <test-method signature="shouldNavigateToTryEditorFromGraph()[pri:0, instance:tests.GraphPageTests@20b2475a]" started-at="2024-11-25T09:45:30 CST" name="shouldNavigateToTryEditorFromGraph" finished-at="2024-11-25T09:45:32 CST" duration-ms="2043" status="PASS">
          <reporter-output>
          </reporter-output>
        </test-method> <!-- shouldNavigateToTryEditorFromGraph -->
        <test-method is-config="true" signature="graphSetupBeforeMethod()[pri:0, instance:tests.GraphPageTests@20b2475a]" started-at="2024-11-25T09:45:32 CST" name="graphSetupBeforeMethod" finished-at="2024-11-25T09:45:34 CST" duration-ms="2294" status="PASS">
          <reporter-output>
          </reporter-output>
        </test-method> <!-- graphSetupBeforeMethod -->
        <test-method signature="shouldNavigateToTryEditorFromGraphRepresentations()[pri:0, instance:tests.GraphPageTests@20b2475a]" started-at="2024-11-25T09:45:34 CST" name="shouldNavigateToTryEditorFromGraphRepresentations" finished-at="2024-11-25T09:45:37 CST" duration-ms="2222" status="PASS">
          <reporter-output>
          </reporter-output>
        </test-method> <!-- shouldNavigateToTryEditorFromGraphRepresentations -->
        <test-method is-config="true" signature="graphSetupBeforeMethod()[pri:0, instance:tests.GraphPageTests@20b2475a]" started-at="2024-11-25T09:45:37 CST" name="graphSetupBeforeMethod" finished-at="2024-11-25T09:45:39 CST" duration-ms="2537" status="PASS">
          <reporter-output>
          </reporter-output>
        </test-method> <!-- graphSetupBeforeMethod -->
        <test-method signature="shouldLoadGraphHomePageSuccessfully()[pri:1, instance:tests.GraphPageTests@20b2475a]" started-at="2024-11-25T09:45:39 CST" name="shouldLoadGraphHomePageSuccessfully" finished-at="2024-11-25T09:45:39 CST" duration-ms="33" status="PASS">
          <reporter-output>
          </reporter-output>
        </test-method> <!-- shouldLoadGraphHomePageSuccessfully -->
        <test-method is-config="true" signature="tearDown()[pri:0, instance:tests.GraphPageTests@20b2475a]" started-at="2024-11-25T09:45:39 CST" name="tearDown" finished-at="2024-11-25T09:45:40 CST" duration-ms="360" status="PASS">
          <reporter-output>
          </reporter-output>
        </test-method> <!-- tearDown -->
      </class> <!-- tests.GraphPageTests -->
      <class name="tests.TryEditorPageTests">
        <test-method is-config="true" signature="setupTest(java.lang.String)[pri:0, instance:tests.TryEditorPageTests@7d3e8655]" started-at="2024-11-25T09:45:40 CST" name="setupTest" finished-at="2024-11-25T09:45:44 CST" duration-ms="4616" status="PASS">
          <params>
            <param index="0">
              <value>
                <![CDATA[chrome]]>
              </value>
            </param>
          </params>
          <reporter-output>
          </reporter-output>
        </test-method> <!-- setupTest -->
        <test-method is-config="true" signature="tryEditorSetupBeforeClass()[pri:0, instance:tests.TryEditorPageTests@7d3e8655]" started-at="2024-11-25T09:45:44 CST" name="tryEditorSetupBeforeClass" finished-at="2024-11-25T09:45:44 CST" duration-ms="203" status="PASS">
          <reporter-output>
          </reporter-output>
        </test-method> <!-- tryEditorSetupBeforeClass -->
        <test-method is-config="true" signature="setup()[pri:0, instance:tests.TryEditorPageTests@7d3e8655]" started-at="2024-11-25T09:45:44 CST" name="setup" finished-at="2024-11-25T09:45:48 CST" duration-ms="3861" status="PASS">
          <reporter-output>
          </reporter-output>
        </test-method> <!-- setup -->
        <test-method signature="shouldRunInvalidPythonCode()[pri:0, instance:tests.TryEditorPageTests@7d3e8655]" started-at="2024-11-25T09:45:48 CST" name="shouldRunInvalidPythonCode" finished-at="2024-11-25T09:45:49 CST" duration-ms="548" status="PASS">
          <reporter-output>
          </reporter-output>
        </test-method> <!-- shouldRunInvalidPythonCode -->
        <test-method is-config="true" signature="setup()[pri:0, instance:tests.TryEditorPageTests@7d3e8655]" started-at="2024-11-25T09:45:49 CST" name="setup" finished-at="2024-11-25T09:45:51 CST" duration-ms="2281" status="PASS">
          <reporter-output>
          </reporter-output>
        </test-method> <!-- setup -->
        <test-method signature="shouldRunValidPythonCode()[pri:0, instance:tests.TryEditorPageTests@7d3e8655]" started-at="2024-11-25T09:45:51 CST" name="shouldRunValidPythonCode" finished-at="2024-11-25T09:45:52 CST" duration-ms="559" status="PASS">
          <reporter-output>
          </reporter-output>
        </test-method> <!-- shouldRunValidPythonCode -->
        <test-method is-config="true" signature="tearDown()[pri:0, instance:tests.TryEditorPageTests@7d3e8655]" started-at="2024-11-25T09:45:52 CST" name="tearDown" finished-at="2024-11-25T09:45:52 CST" duration-ms="373" status="PASS">
          <reporter-output>
          </reporter-output>
        </test-method> <!-- tearDown -->
      </class> <!-- tests.TryEditorPageTests -->
      <class name="tests.LandingPageTests">
        <test-method is-config="true" signature="setupTest(java.lang.String)[pri:0, instance:tests.LandingPageTests@25df00a0]" started-at="2024-11-25T09:44:51 CST" name="setupTest" finished-at="2024-11-25T09:45:02 CST" duration-ms="10568" status="PASS">
          <params>
            <param index="0">
              <value>
                <![CDATA[chrome]]>
              </value>
            </param>
          </params>
          <reporter-output>
          </reporter-output>
        </test-method> <!-- setupTest -->
        <test-method is-config="true" signature="landingPageSetupBeforeMethod()[pri:0, instance:tests.LandingPageTests@25df00a0]" started-at="2024-11-25T09:45:02 CST" name="landingPageSetupBeforeMethod" finished-at="2024-11-25T09:45:02 CST" duration-ms="444" status="PASS">
          <reporter-output>
          </reporter-output>
        </test-method> <!-- landingPageSetupBeforeMethod -->
        <test-method signature="testGetStarted()[pri:0, instance:tests.LandingPageTests@25df00a0]" started-at="2024-11-25T09:45:03 CST" name="testGetStarted" finished-at="2024-11-25T09:45:05 CST" duration-ms="2160" status="PASS">
          <reporter-output>
          </reporter-output>
        </test-method> <!-- testGetStarted -->
        <test-method is-config="true" signature="landingPageSetupBeforeMethod()[pri:0, instance:tests.LandingPageTests@25df00a0]" started-at="2024-11-25T09:45:05 CST" name="landingPageSetupBeforeMethod" finished-at="2024-11-25T09:45:05 CST" duration-ms="225" status="PASS">
          <reporter-output>
          </reporter-output>
        </test-method> <!-- landingPageSetupBeforeMethod -->
        <test-method signature="testLandingPageLoadsSuccessfully()[pri:0, instance:tests.LandingPageTests@25df00a0]" started-at="2024-11-25T09:45:05 CST" name="testLandingPageLoadsSuccessfully" finished-at="2024-11-25T09:45:05 CST" duration-ms="45" status="PASS">
          <reporter-output>
          </reporter-output>
        </test-method> <!-- testLandingPageLoadsSuccessfully -->
        <test-method is-config="true" signature="tearDown()[pri:0, instance:tests.LandingPageTests@25df00a0]" started-at="2024-11-25T09:45:05 CST" name="tearDown" finished-at="2024-11-25T09:45:05 CST" duration-ms="226" status="PASS">
          <reporter-output>
          </reporter-output>
        </test-method> <!-- tearDown -->
      </class> <!-- tests.LandingPageTests -->
    </test> <!-- ChromeTest -->
    <test started-at="2024-11-25T09:45:52 CST" name="EdgeTest" finished-at="2024-11-25T09:46:35 CST" duration-ms="42695">
      <class name="tests.GraphPageTests">
        <test-method is-config="true" signature="setupTest(java.lang.String)[pri:0, instance:tests.GraphPageTests@415b0b49]" started-at="2024-11-25T09:46:00 CST" name="setupTest" finished-at="2024-11-25T09:46:04 CST" duration-ms="4061" status="PASS">
          <params>
            <param index="0">
              <value>
                <![CDATA[edge]]>
              </value>
            </param>
          </params>
          <reporter-output>
          </reporter-output>
        </test-method> <!-- setupTest -->
        <test-method is-config="true" signature="graphSetupBeforeMethod()[pri:0, instance:tests.GraphPageTests@415b0b49]" started-at="2024-11-25T09:46:04 CST" name="graphSetupBeforeMethod" finished-at="2024-11-25T09:46:06 CST" duration-ms="2288" status="PASS">
          <reporter-output>
          </reporter-output>
        </test-method> <!-- graphSetupBeforeMethod -->
        <test-method signature="shouldNavigateToGraphPageFromTopicsCovered()[pri:0, instance:tests.GraphPageTests@415b0b49]" started-at="2024-11-25T09:46:06 CST" name="shouldNavigateToGraphPageFromTopicsCovered" finished-at="2024-11-25T09:46:07 CST" duration-ms="528" status="PASS">
          <reporter-output>
          </reporter-output>
        </test-method> <!-- shouldNavigateToGraphPageFromTopicsCovered -->
        <test-method is-config="true" signature="graphSetupBeforeMethod()[pri:0, instance:tests.GraphPageTests@415b0b49]" started-at="2024-11-25T09:46:07 CST" name="graphSetupBeforeMethod" finished-at="2024-11-25T09:46:08 CST" duration-ms="1525" status="PASS">
          <reporter-output>
          </reporter-output>
        </test-method> <!-- graphSetupBeforeMethod -->
        <test-method signature="shouldNavigateToGraphRepresentationsPageFromGraph()[pri:0, instance:tests.GraphPageTests@415b0b49]" started-at="2024-11-25T09:46:08 CST" name="shouldNavigateToGraphRepresentationsPageFromGraph" finished-at="2024-11-25T09:46:09 CST" duration-ms="762" status="PASS">
          <reporter-output>
          </reporter-output>
        </test-method> <!-- shouldNavigateToGraphRepresentationsPageFromGraph -->
        <test-method is-config="true" signature="graphSetupBeforeMethod()[pri:0, instance:tests.GraphPageTests@415b0b49]" started-at="2024-11-25T09:46:09 CST" name="graphSetupBeforeMethod" finished-at="2024-11-25T09:46:11 CST" duration-ms="1704" status="PASS">
          <reporter-output>
          </reporter-output>
        </test-method> <!-- graphSetupBeforeMethod -->
        <test-method signature="shouldNavigateToGraphRepresentationsPageFromTopicsCovered()[pri:0, instance:tests.GraphPageTests@415b0b49]" started-at="2024-11-25T09:46:11 CST" name="shouldNavigateToGraphRepresentationsPageFromTopicsCovered" finished-at="2024-11-25T09:46:11 CST" duration-ms="579" status="PASS">
          <reporter-output>
          </reporter-output>
        </test-method> <!-- shouldNavigateToGraphRepresentationsPageFromTopicsCovered -->
        <test-method is-config="true" signature="graphSetupBeforeMethod()[pri:0, instance:tests.GraphPageTests@415b0b49]" started-at="2024-11-25T09:46:11 CST" name="graphSetupBeforeMethod" finished-at="2024-11-25T09:46:13 CST" duration-ms="2088" status="PASS">
          <reporter-output>
          </reporter-output>
        </test-method> <!-- graphSetupBeforeMethod -->
        <test-method signature="shouldNavigateToPracticeQuestionsPageFromGraphRepresentations()[pri:0, instance:tests.GraphPageTests@415b0b49]" started-at="2024-11-25T09:46:13 CST" name="shouldNavigateToPracticeQuestionsPageFromGraphRepresentations" finished-at="2024-11-25T09:46:24 CST" duration-ms="11159" status="FAIL">
          <exception class="java.lang.AssertionError">
            <message>
              <![CDATA[functionality not implemented]]>
            </message>
            <full-stacktrace>
              <![CDATA[java.lang.AssertionError: functionality not implemented
at pages.GraphPage.getPageHeading(GraphPage.java:57)
at tests.GraphPageTests.assertPageUrlAndHeading(GraphPageTests.java:78)
at tests.GraphPageTests.shouldNavigateToPracticeQuestionsPageFromGraphRepresentations(GraphPageTests.java:57)
at java.base/jdk.internal.reflect.DirectMethodHandleAccessor.invoke(DirectMethodHandleAccessor.java:103)
at java.base/java.lang.reflect.Method.invoke(Method.java:580)
at org.testng.internal.invokers.MethodInvocationHelper.invokeMethod(MethodInvocationHelper.java:141)
at org.testng.internal.invokers.TestInvoker.invokeMethod(TestInvoker.java:686)
at org.testng.internal.invokers.TestInvoker.invokeTestMethod(TestInvoker.java:230)
at org.testng.internal.invokers.MethodRunner.runInSequence(MethodRunner.java:63)
at org.testng.internal.invokers.TestInvoker$MethodInvocationAgent.invoke(TestInvoker.java:992)
at org.testng.internal.invokers.TestInvoker.invokeTestMethods(TestInvoker.java:203)
at org.testng.internal.invokers.TestMethodWorker.invokeTestMethods(TestMethodWorker.java:154)
at org.testng.internal.invokers.TestMethodWorker.run(TestMethodWorker.java:134)
at java.base/java.util.ArrayList.forEach(ArrayList.java:1597)
at org.testng.TestRunner.privateRun(TestRunner.java:739)
at org.testng.TestRunner.run(TestRunner.java:614)
at org.testng.SuiteRunner.runTest(SuiteRunner.java:421)
at org.testng.SuiteRunner.runSequentially(SuiteRunner.java:413)
at org.testng.SuiteRunner.privateRun(SuiteRunner.java:373)
at org.testng.SuiteRunner.run(SuiteRunner.java:312)
at org.testng.SuiteRunnerWorker.runSuite(SuiteRunnerWorker.java:52)
at org.testng.SuiteRunnerWorker.run(SuiteRunnerWorker.java:95)
at org.testng.TestNG.runSuitesSequentially(TestNG.java:1274)
at org.testng.TestNG.runSuitesLocally(TestNG.java:1208)
at org.testng.TestNG.runSuites(TestNG.java:1112)
at org.testng.TestNG.run(TestNG.java:1079)
at org.apache.maven.surefire.testng.TestNGExecutor.run(TestNGExecutor.java:284)
at org.apache.maven.surefire.testng.TestNGXmlTestSuite.execute(TestNGXmlTestSuite.java:75)
at org.apache.maven.surefire.testng.TestNGProvider.invoke(TestNGProvider.java:119)
at org.apache.maven.surefire.booter.ForkedBooter.runSuitesInProcess(ForkedBooter.java:428)
at org.apache.maven.surefire.booter.ForkedBooter.execute(ForkedBooter.java:162)
at org.apache.maven.surefire.booter.ForkedBooter.run(ForkedBooter.java:562)
at org.apache.maven.surefire.booter.ForkedBooter.main(ForkedBooter.java:548)
Caused by: org.openqa.selenium.TimeoutException: Expected condition failed: waiting for visibility of Proxy element for: DefaultElementLocator 'By.xpath: //strong//p[contains(@class,'bg-secondary')]' (tried for 10 second(s) with 500 milliseconds interval)
at org.openqa.selenium.support.ui.WebDriverWait.timeoutException(WebDriverWait.java:84)
at org.openqa.selenium.support.ui.FluentWait.until(FluentWait.java:228)
at utils.WebDriverWaitUtility.waitForElementToBeVisible(WebDriverWaitUtility.java:21)
at pages.GraphPage.getPageHeading(GraphPage.java:53)
... 32 more
Caused by: org.openqa.selenium.NoSuchElementException: no such element: Unable to locate element: {"method":"xpath","selector":"//strong//p[contains(@class,'bg-secondary')]"}
  (Session info: MicrosoftEdge=131.0.2903.63)
For documentation on this error, please visit: https://www.selenium.dev/documentation/webdriver/troubleshooting/errors#no-such-element-exception
Build info: version: '4.25.0', revision: '8a8aea2337'
System info: os.name: 'Windows 11', os.arch: 'amd64', os.version: '10.0', java.version: '22.0.2'
Driver info: org.openqa.selenium.edge.EdgeDriver
Command: [84924b23c093b6acecae5a7a002f04a2, findElement {value=//strong//p[contains(@class,'bg-secondary')], using=xpath}]
Capabilities {acceptInsecureCerts: false, browserName: MicrosoftEdge, browserVersion: 131.0.2903.63, fedcm:accounts: true, ms:edgeOptions: {debuggerAddress: localhost:52511}, msedge: {msedgedriverVersion: 131.0.2903.63 (3cf4b3e782aa..., userDataDir: C:\Users\srivi\AppData\Loca...}, networkConnectionEnabled: false, pageLoadStrategy: normal, platformName: windows, proxy: Proxy(), se:cdp: ws://localhost:52511/devtoo..., se:cdpVersion: 131.0.2903.63, setWindowRect: true, strictFileInteractability: false, timeouts: {implicit: 0, pageLoad: 300000, script: 30000}, unhandledPromptBehavior: dismiss and notify, webauthn:extension:credBlob: true, webauthn:extension:largeBlob: true, webauthn:extension:minPinLength: true, webauthn:extension:prf: true, webauthn:virtualAuthenticators: true}
Session ID: 84924b23c093b6acecae5a7a002f04a2
at java.base/jdk.internal.reflect.DirectConstructorHandleAccessor.newInstance(DirectConstructorHandleAccessor.java:62)
at java.base/java.lang.reflect.Constructor.newInstanceWithCaller(Constructor.java:502)
at java.base/java.lang.reflect.Constructor.newInstance(Constructor.java:486)
at org.openqa.selenium.remote.ErrorCodec.decode(ErrorCodec.java:167)
at org.openqa.selenium.remote.codec.w3c.W3CHttpResponseCodec.decode(W3CHttpResponseCodec.java:138)
at org.openqa.selenium.remote.codec.w3c.W3CHttpResponseCodec.decode(W3CHttpResponseCodec.java:50)
at org.openqa.selenium.remote.HttpCommandExecutor.execute(HttpCommandExecutor.java:190)
at org.openqa.selenium.remote.service.DriverCommandExecutor.invokeExecute(DriverCommandExecutor.java:216)
at org.openqa.selenium.remote.service.DriverCommandExecutor.execute(DriverCommandExecutor.java:174)
at org.openqa.selenium.remote.RemoteWebDriver.execute(RemoteWebDriver.java:545)
at org.openqa.selenium.remote.ElementLocation$ElementFinder$2.findElement(ElementLocation.java:165)
at org.openqa.selenium.remote.ElementLocation.findElement(ElementLocation.java:59)
at org.openqa.selenium.remote.RemoteWebDriver.findElement(RemoteWebDriver.java:368)
at org.openqa.selenium.remote.RemoteWebDriver.findElement(RemoteWebDriver.java:362)
at org.openqa.selenium.support.pagefactory.DefaultElementLocator.findElement(DefaultElementLocator.java:68)
at org.openqa.selenium.support.pagefactory.internal.LocatingElementHandler.invoke(LocatingElementHandler.java:38)
at jdk.proxy2/jdk.proxy2.$Proxy27.isDisplayed(Unknown Source)
at org.openqa.selenium.support.ui.ExpectedConditions.elementIfVisible(ExpectedConditions.java:304)
at org.openqa.selenium.support.ui.ExpectedConditions$10.apply(ExpectedConditions.java:290)
at org.openqa.selenium.support.ui.ExpectedConditions$10.apply(ExpectedConditions.java:287)
at org.openqa.selenium.support.ui.FluentWait.until(FluentWait.java:203)
... 34 more
]]>
            </full-stacktrace>
          </exception> <!-- java.lang.AssertionError -->
          <reporter-output>
          </reporter-output>
        </test-method> <!-- shouldNavigateToPracticeQuestionsPageFromGraphRepresentations -->
        <test-method is-config="true" signature="graphSetupBeforeMethod()[pri:0, instance:tests.GraphPageTests@415b0b49]" started-at="2024-11-25T09:46:25 CST" name="graphSetupBeforeMethod" finished-at="2024-11-25T09:46:27 CST" duration-ms="2172" status="PASS">
          <reporter-output>
          </reporter-output>
        </test-method> <!-- graphSetupBeforeMethod -->
        <test-method signature="shouldNavigateToTryEditorFromGraph()[pri:0, instance:tests.GraphPageTests@415b0b49]" started-at="2024-11-25T09:46:27 CST" name="shouldNavigateToTryEditorFromGraph" finished-at="2024-11-25T09:46:28 CST" duration-ms="1554" status="PASS">
          <reporter-output>
          </reporter-output>
        </test-method> <!-- shouldNavigateToTryEditorFromGraph -->
        <test-method is-config="true" signature="graphSetupBeforeMethod()[pri:0, instance:tests.GraphPageTests@415b0b49]" started-at="2024-11-25T09:46:28 CST" name="graphSetupBeforeMethod" finished-at="2024-11-25T09:46:30 CST" duration-ms="1960" status="PASS">
          <reporter-output>
          </reporter-output>
        </test-method> <!-- graphSetupBeforeMethod -->
        <test-method signature="shouldNavigateToTryEditorFromGraphRepresentations()[pri:0, instance:tests.GraphPageTests@415b0b49]" started-at="2024-11-25T09:46:30 CST" name="shouldNavigateToTryEditorFromGraphRepresentations" finished-at="2024-11-25T09:46:31 CST" duration-ms="896" status="PASS">
          <reporter-output>
          </reporter-output>
        </test-method> <!-- shouldNavigateToTryEditorFromGraphRepresentations -->
        <test-method is-config="true" signature="graphSetupBeforeMethod()[pri:0, instance:tests.GraphPageTests@415b0b49]" started-at="2024-11-25T09:46:31 CST" name="graphSetupBeforeMethod" finished-at="2024-11-25T09:46:33 CST" duration-ms="2211" status="PASS">
          <reporter-output>
          </reporter-output>
        </test-method> <!-- graphSetupBeforeMethod -->
        <test-method signature="shouldLoadGraphHomePageSuccessfully()[pri:1, instance:tests.GraphPageTests@415b0b49]" started-at="2024-11-25T09:46:33 CST" name="shouldLoadGraphHomePageSuccessfully" finished-at="2024-11-25T09:46:33 CST" duration-ms="29" status="PASS">
          <reporter-output>
          </reporter-output>
        </test-method> <!-- shouldLoadGraphHomePageSuccessfully -->
        <test-method is-config="true" signature="tearDown()[pri:0, instance:tests.GraphPageTests@415b0b49]" started-at="2024-11-25T09:46:33 CST" name="tearDown" finished-at="2024-11-25T09:46:35 CST" duration-ms="1500" status="PASS">
          <reporter-output>
          </reporter-output>
        </test-method> <!-- tearDown -->
      </class> <!-- tests.GraphPageTests -->
      <class name="tests.LandingPageTests">
        <test-method is-config="true" signature="setupTest(java.lang.String)[pri:0, instance:tests.LandingPageTests@5be1d0a4]" started-at="2024-11-25T09:45:52 CST" name="setupTest" finished-at="2024-11-25T09:45:57 CST" duration-ms="4507" status="PASS">
          <params>
            <param index="0">
              <value>
                <![CDATA[edge]]>
              </value>
            </param>
          </params>
          <reporter-output>
          </reporter-output>
        </test-method> <!-- setupTest -->
        <test-method is-config="true" signature="landingPageSetupBeforeMethod()[pri:0, instance:tests.LandingPageTests@5be1d0a4]" started-at="2024-11-25T09:45:57 CST" name="landingPageSetupBeforeMethod" finished-at="2024-11-25T09:45:57 CST" duration-ms="389" status="PASS">
          <reporter-output>
          </reporter-output>
        </test-method> <!-- landingPageSetupBeforeMethod -->
        <test-method signature="testGetStarted()[pri:0, instance:tests.LandingPageTests@5be1d0a4]" started-at="2024-11-25T09:45:57 CST" name="testGetStarted" finished-at="2024-11-25T09:45:58 CST" duration-ms="912" status="PASS">
          <reporter-output>
          </reporter-output>
        </test-method> <!-- testGetStarted -->
        <test-method is-config="true" signature="landingPageSetupBeforeMethod()[pri:0, instance:tests.LandingPageTests@5be1d0a4]" started-at="2024-11-25T09:45:58 CST" name="landingPageSetupBeforeMethod" finished-at="2024-11-25T09:45:58 CST" duration-ms="160" status="PASS">
          <reporter-output>
          </reporter-output>
        </test-method> <!-- landingPageSetupBeforeMethod -->
        <test-method signature="testLandingPageLoadsSuccessfully()[pri:0, instance:tests.LandingPageTests@5be1d0a4]" started-at="2024-11-25T09:45:58 CST" name="testLandingPageLoadsSuccessfully" finished-at="2024-11-25T09:45:58 CST" duration-ms="52" status="PASS">
          <reporter-output>
          </reporter-output>
        </test-method> <!-- testLandingPageLoadsSuccessfully -->
        <test-method is-config="true" signature="tearDown()[pri:0, instance:tests.LandingPageTests@5be1d0a4]" started-at="2024-11-25T09:45:58 CST" name="tearDown" finished-at="2024-11-25T09:46:00 CST" duration-ms="1459" status="PASS">
          <reporter-output>
          </reporter-output>
        </test-method> <!-- tearDown -->
      </class> <!-- tests.LandingPageTests -->
    </test> <!-- EdgeTest -->
    <test started-at="2024-11-25T09:46:35 CST" name="FireFoxTest" finished-at="2024-11-25T09:47:17 CST" duration-ms="42376">
      <class name="tests.GraphPageTests">
        <test-method is-config="true" signature="setupTest(java.lang.String)[pri:0, instance:tests.GraphPageTests@642a7222]" started-at="2024-11-25T09:46:46 CST" name="setupTest" finished-at="2024-11-25T09:46:50 CST" duration-ms="4100" status="PASS">
          <params>
            <param index="0">
              <value>
                <![CDATA[firefox]]>
              </value>
            </param>
          </params>
          <reporter-output>
          </reporter-output>
        </test-method> <!-- setupTest -->
        <test-method is-config="true" signature="graphSetupBeforeMethod()[pri:0, instance:tests.GraphPageTests@642a7222]" started-at="2024-11-25T09:46:50 CST" name="graphSetupBeforeMethod" finished-at="2024-11-25T09:46:52 CST" duration-ms="2176" status="PASS">
          <reporter-output>
          </reporter-output>
        </test-method> <!-- graphSetupBeforeMethod -->
        <test-method signature="shouldNavigateToGraphPageFromTopicsCovered()[pri:0, instance:tests.GraphPageTests@642a7222]" started-at="2024-11-25T09:46:52 CST" name="shouldNavigateToGraphPageFromTopicsCovered" finished-at="2024-11-25T09:46:52 CST" duration-ms="415" status="PASS">
          <reporter-output>
          </reporter-output>
        </test-method> <!-- shouldNavigateToGraphPageFromTopicsCovered -->
        <test-method is-config="true" signature="graphSetupBeforeMethod()[pri:0, instance:tests.GraphPageTests@642a7222]" started-at="2024-11-25T09:46:52 CST" name="graphSetupBeforeMethod" finished-at="2024-11-25T09:46:53 CST" duration-ms="1207" status="PASS">
          <reporter-output>
          </reporter-output>
        </test-method> <!-- graphSetupBeforeMethod -->
        <test-method signature="shouldNavigateToGraphRepresentationsPageFromGraph()[pri:0, instance:tests.GraphPageTests@642a7222]" started-at="2024-11-25T09:46:53 CST" name="shouldNavigateToGraphRepresentationsPageFromGraph" finished-at="2024-11-25T09:46:54 CST" duration-ms="739" status="PASS">
          <reporter-output>
          </reporter-output>
        </test-method> <!-- shouldNavigateToGraphRepresentationsPageFromGraph -->
        <test-method is-config="true" signature="graphSetupBeforeMethod()[pri:0, instance:tests.GraphPageTests@642a7222]" started-at="2024-11-25T09:46:54 CST" name="graphSetupBeforeMethod" finished-at="2024-11-25T09:46:56 CST" duration-ms="1607" status="PASS">
          <reporter-output>
          </reporter-output>
        </test-method> <!-- graphSetupBeforeMethod -->
        <test-method signature="shouldNavigateToGraphRepresentationsPageFromTopicsCovered()[pri:0, instance:tests.GraphPageTests@642a7222]" started-at="2024-11-25T09:46:56 CST" name="shouldNavigateToGraphRepresentationsPageFromTopicsCovered" finished-at="2024-11-25T09:46:56 CST" duration-ms="351" status="PASS">
          <reporter-output>
          </reporter-output>
        </test-method> <!-- shouldNavigateToGraphRepresentationsPageFromTopicsCovered -->
        <test-method is-config="true" signature="graphSetupBeforeMethod()[pri:0, instance:tests.GraphPageTests@642a7222]" started-at="2024-11-25T09:46:56 CST" name="graphSetupBeforeMethod" finished-at="2024-11-25T09:46:57 CST" duration-ms="1095" status="PASS">
          <reporter-output>
          </reporter-output>
        </test-method> <!-- graphSetupBeforeMethod -->
        <test-method signature="shouldNavigateToPracticeQuestionsPageFromGraphRepresentations()[pri:0, instance:tests.GraphPageTests@642a7222]" started-at="2024-11-25T09:46:57 CST" name="shouldNavigateToPracticeQuestionsPageFromGraphRepresentations" finished-at="2024-11-25T09:47:08 CST" duration-ms="10923" status="FAIL">
          <exception class="java.lang.AssertionError">
            <message>
              <![CDATA[functionality not implemented]]>
            </message>
            <full-stacktrace>
              <![CDATA[java.lang.AssertionError: functionality not implemented
at pages.GraphPage.getPageHeading(GraphPage.java:57)
at tests.GraphPageTests.assertPageUrlAndHeading(GraphPageTests.java:78)
at tests.GraphPageTests.shouldNavigateToPracticeQuestionsPageFromGraphRepresentations(GraphPageTests.java:57)
at java.base/jdk.internal.reflect.DirectMethodHandleAccessor.invoke(DirectMethodHandleAccessor.java:103)
at java.base/java.lang.reflect.Method.invoke(Method.java:580)
at org.testng.internal.invokers.MethodInvocationHelper.invokeMethod(MethodInvocationHelper.java:141)
at org.testng.internal.invokers.TestInvoker.invokeMethod(TestInvoker.java:686)
at org.testng.internal.invokers.TestInvoker.invokeTestMethod(TestInvoker.java:230)
at org.testng.internal.invokers.MethodRunner.runInSequence(MethodRunner.java:63)
at org.testng.internal.invokers.TestInvoker$MethodInvocationAgent.invoke(TestInvoker.java:992)
at org.testng.internal.invokers.TestInvoker.invokeTestMethods(TestInvoker.java:203)
at org.testng.internal.invokers.TestMethodWorker.invokeTestMethods(TestMethodWorker.java:154)
at org.testng.internal.invokers.TestMethodWorker.run(TestMethodWorker.java:134)
at java.base/java.util.ArrayList.forEach(ArrayList.java:1597)
at org.testng.TestRunner.privateRun(TestRunner.java:739)
at org.testng.TestRunner.run(TestRunner.java:614)
at org.testng.SuiteRunner.runTest(SuiteRunner.java:421)
at org.testng.SuiteRunner.runSequentially(SuiteRunner.java:413)
at org.testng.SuiteRunner.privateRun(SuiteRunner.java:373)
at org.testng.SuiteRunner.run(SuiteRunner.java:312)
at org.testng.SuiteRunnerWorker.runSuite(SuiteRunnerWorker.java:52)
at org.testng.SuiteRunnerWorker.run(SuiteRunnerWorker.java:95)
at org.testng.TestNG.runSuitesSequentially(TestNG.java:1274)
at org.testng.TestNG.runSuitesLocally(TestNG.java:1208)
at org.testng.TestNG.runSuites(TestNG.java:1112)
at org.testng.TestNG.run(TestNG.java:1079)
at org.apache.maven.surefire.testng.TestNGExecutor.run(TestNGExecutor.java:284)
at org.apache.maven.surefire.testng.TestNGXmlTestSuite.execute(TestNGXmlTestSuite.java:75)
at org.apache.maven.surefire.testng.TestNGProvider.invoke(TestNGProvider.java:119)
at org.apache.maven.surefire.booter.ForkedBooter.runSuitesInProcess(ForkedBooter.java:428)
at org.apache.maven.surefire.booter.ForkedBooter.execute(ForkedBooter.java:162)
at org.apache.maven.surefire.booter.ForkedBooter.run(ForkedBooter.java:562)
at org.apache.maven.surefire.booter.ForkedBooter.main(ForkedBooter.java:548)
Caused by: org.openqa.selenium.TimeoutException: Expected condition failed: waiting for visibility of Proxy element for: DefaultElementLocator 'By.xpath: //strong//p[contains(@class,'bg-secondary')]' (tried for 10 second(s) with 500 milliseconds interval)
at org.openqa.selenium.support.ui.WebDriverWait.timeoutException(WebDriverWait.java:84)
at org.openqa.selenium.support.ui.FluentWait.until(FluentWait.java:228)
at utils.WebDriverWaitUtility.waitForElementToBeVisible(WebDriverWaitUtility.java:21)
at pages.GraphPage.getPageHeading(GraphPage.java:53)
... 32 more
Caused by: org.openqa.selenium.NoSuchElementException: Unable to locate element: //strong//p[contains(@class,'bg-secondary')]
For documentation on this error, please visit: https://www.selenium.dev/documentation/webdriver/troubleshooting/errors#no-such-element-exception
Build info: version: '4.25.0', revision: '8a8aea2337'
System info: os.name: 'Windows 11', os.arch: 'amd64', os.version: '10.0', java.version: '22.0.2'
Driver info: org.openqa.selenium.firefox.FirefoxDriver
Command: [60cbdf22-fc15-490f-aa5f-2172f7f8fb54, findElement {value=//strong//p[contains(@class,'bg-secondary')], using=xpath}]
Capabilities {acceptInsecureCerts: true, browserName: firefox, browserVersion: 132.0.2, moz:accessibilityChecks: false, moz:buildID: 20241110231641, moz:debuggerAddress: 127.0.0.1:7869, moz:geckodriverVersion: 0.35.0, moz:headless: true, moz:platformVersion: 10.0, moz:processID: 13640, moz:profile: C:\Users\srivi\AppData\Loca..., moz:shutdownTimeout: 60000, moz:webdriverClick: true, moz:windowless: false, pageLoadStrategy: normal, platformName: windows, proxy: Proxy(), se:cdp: ws://127.0.0.1:7869/devtool..., se:cdpVersion: 85.0, setWindowRect: true, strictFileInteractability: false, timeouts: {implicit: 0, pageLoad: 300000, script: 30000}, unhandledPromptBehavior: dismiss and notify, userAgent: Mozilla/5.0 (Windows NT 10....}
Session ID: 60cbdf22-fc15-490f-aa5f-2172f7f8fb54
at java.base/jdk.internal.reflect.DirectConstructorHandleAccessor.newInstance(DirectConstructorHandleAccessor.java:62)
at java.base/java.lang.reflect.Constructor.newInstanceWithCaller(Constructor.java:502)
at java.base/java.lang.reflect.Constructor.newInstance(Constructor.java:486)
at org.openqa.selenium.remote.ErrorCodec.decode(ErrorCodec.java:167)
at org.openqa.selenium.remote.codec.w3c.W3CHttpResponseCodec.decode(W3CHttpResponseCodec.java:138)
at org.openqa.selenium.remote.codec.w3c.W3CHttpResponseCodec.decode(W3CHttpResponseCodec.java:50)
at org.openqa.selenium.remote.HttpCommandExecutor.execute(HttpCommandExecutor.java:190)
at org.openqa.selenium.remote.service.DriverCommandExecutor.invokeExecute(DriverCommandExecutor.java:216)
at org.openqa.selenium.remote.service.DriverCommandExecutor.execute(DriverCommandExecutor.java:174)
at org.openqa.selenium.remote.RemoteWebDriver.execute(RemoteWebDriver.java:545)
at org.openqa.selenium.remote.ElementLocation$ElementFinder$2.findElement(ElementLocation.java:165)
at org.openqa.selenium.remote.ElementLocation.findElement(ElementLocation.java:59)
at org.openqa.selenium.remote.RemoteWebDriver.findElement(RemoteWebDriver.java:368)
at org.openqa.selenium.remote.RemoteWebDriver.findElement(RemoteWebDriver.java:362)
at org.openqa.selenium.support.pagefactory.DefaultElementLocator.findElement(DefaultElementLocator.java:68)
at org.openqa.selenium.support.pagefactory.internal.LocatingElementHandler.invoke(LocatingElementHandler.java:38)
at jdk.proxy2/jdk.proxy2.$Proxy27.isDisplayed(Unknown Source)
at org.openqa.selenium.support.ui.ExpectedConditions.elementIfVisible(ExpectedConditions.java:304)
at org.openqa.selenium.support.ui.ExpectedConditions$10.apply(ExpectedConditions.java:290)
at org.openqa.selenium.support.ui.ExpectedConditions$10.apply(ExpectedConditions.java:287)
at org.openqa.selenium.support.ui.FluentWait.until(FluentWait.java:203)
... 34 more
]]>
            </full-stacktrace>
          </exception> <!-- java.lang.AssertionError -->
          <reporter-output>
          </reporter-output>
        </test-method> <!-- shouldNavigateToPracticeQuestionsPageFromGraphRepresentations -->
        <test-method is-config="true" signature="graphSetupBeforeMethod()[pri:0, instance:tests.GraphPageTests@642a7222]" started-at="2024-11-25T09:47:08 CST" name="graphSetupBeforeMethod" finished-at="2024-11-25T09:47:09 CST" duration-ms="1080" status="PASS">
          <reporter-output>
          </reporter-output>
        </test-method> <!-- graphSetupBeforeMethod -->
        <test-method signature="shouldNavigateToTryEditorFromGraph()[pri:0, instance:tests.GraphPageTests@642a7222]" started-at="2024-11-25T09:47:09 CST" name="shouldNavigateToTryEditorFromGraph" finished-at="2024-11-25T09:47:11 CST" duration-ms="1875" status="PASS">
          <reporter-output>
          </reporter-output>
        </test-method> <!-- shouldNavigateToTryEditorFromGraph -->
        <test-method is-config="true" signature="graphSetupBeforeMethod()[pri:0, instance:tests.GraphPageTests@642a7222]" started-at="2024-11-25T09:47:11 CST" name="graphSetupBeforeMethod" finished-at="2024-11-25T09:47:13 CST" duration-ms="1404" status="PASS">
          <reporter-output>
          </reporter-output>
        </test-method> <!-- graphSetupBeforeMethod -->
        <test-method signature="shouldNavigateToTryEditorFromGraphRepresentations()[pri:0, instance:tests.GraphPageTests@642a7222]" started-at="2024-11-25T09:47:13 CST" name="shouldNavigateToTryEditorFromGraphRepresentations" finished-at="2024-11-25T09:47:13 CST" duration-ms="740" status="PASS">
          <reporter-output>
          </reporter-output>
        </test-method> <!-- shouldNavigateToTryEditorFromGraphRepresentations -->
        <test-method is-config="true" signature="graphSetupBeforeMethod()[pri:0, instance:tests.GraphPageTests@642a7222]" started-at="2024-11-25T09:47:13 CST" name="graphSetupBeforeMethod" finished-at="2024-11-25T09:47:14 CST" duration-ms="1087" status="PASS">
          <reporter-output>
          </reporter-output>
        </test-method> <!-- graphSetupBeforeMethod -->
        <test-method signature="shouldLoadGraphHomePageSuccessfully()[pri:1, instance:tests.GraphPageTests@642a7222]" started-at="2024-11-25T09:47:14 CST" name="shouldLoadGraphHomePageSuccessfully" finished-at="2024-11-25T09:47:14 CST" duration-ms="21" status="PASS">
          <reporter-output>
          </reporter-output>
        </test-method> <!-- shouldLoadGraphHomePageSuccessfully -->
        <test-method is-config="true" signature="tearDown()[pri:0, instance:tests.GraphPageTests@642a7222]" started-at="2024-11-25T09:47:14 CST" name="tearDown" finished-at="2024-11-25T09:47:17 CST" duration-ms="2813" status="PASS">
          <reporter-output>
          </reporter-output>
        </test-method> <!-- tearDown -->
      </class> <!-- tests.GraphPageTests -->
      <class name="tests.LandingPageTests">
        <test-method is-config="true" signature="setupTest(java.lang.String)[pri:0, instance:tests.LandingPageTests@311bf055]" started-at="2024-11-25T09:46:35 CST" name="setupTest" finished-at="2024-11-25T09:46:41 CST" duration-ms="5899" status="PASS">
          <params>
            <param index="0">
              <value>
                <![CDATA[firefox]]>
              </value>
            </param>
          </params>
          <reporter-output>
          </reporter-output>
        </test-method> <!-- setupTest -->
        <test-method is-config="true" signature="landingPageSetupBeforeMethod()[pri:0, instance:tests.LandingPageTests@311bf055]" started-at="2024-11-25T09:46:41 CST" name="landingPageSetupBeforeMethod" finished-at="2024-11-25T09:46:41 CST" duration-ms="693" status="PASS">
          <reporter-output>
          </reporter-output>
        </test-method> <!-- landingPageSetupBeforeMethod -->
        <test-method signature="testGetStarted()[pri:0, instance:tests.LandingPageTests@311bf055]" started-at="2024-11-25T09:46:41 CST" name="testGetStarted" finished-at="2024-11-25T09:46:42 CST" duration-ms="899" status="PASS">
          <reporter-output>
          </reporter-output>
        </test-method> <!-- testGetStarted -->
        <test-method is-config="true" signature="landingPageSetupBeforeMethod()[pri:0, instance:tests.LandingPageTests@311bf055]" started-at="2024-11-25T09:46:42 CST" name="landingPageSetupBeforeMethod" finished-at="2024-11-25T09:46:43 CST" duration-ms="275" status="PASS">
          <reporter-output>
          </reporter-output>
        </test-method> <!-- landingPageSetupBeforeMethod -->
        <test-method signature="testLandingPageLoadsSuccessfully()[pri:0, instance:tests.LandingPageTests@311bf055]" started-at="2024-11-25T09:46:43 CST" name="testLandingPageLoadsSuccessfully" finished-at="2024-11-25T09:46:43 CST" duration-ms="19" status="PASS">
          <reporter-output>
          </reporter-output>
        </test-method> <!-- testLandingPageLoadsSuccessfully -->
        <test-method is-config="true" signature="tearDown()[pri:0, instance:tests.LandingPageTests@311bf055]" started-at="2024-11-25T09:46:43 CST" name="tearDown" finished-at="2024-11-25T09:46:46 CST" duration-ms="2879" status="PASS">
          <reporter-output>
          </reporter-output>
        </test-method> <!-- tearDown -->
      </class> <!-- tests.LandingPageTests -->
    </test> <!-- FireFoxTest -->
  </suite> <!-- CrossBrowserSuite -->
</testng-results>
