<?xml version="1.0" encoding="UTF-8"?>
<testng-results ignored="0" total="7" passed="6" failed="1" skipped="0">
  <reporter-output>
  </reporter-output>
  <suite started-at="2024-11-24T21:49:39 CST" name="Default suite" finished-at="2024-11-24T21:54:05 CST" duration-ms="265978">
    <groups>
    </groups>
    <test started-at="2024-11-24T21:49:39 CST" name="Default test" finished-at="2024-11-24T21:54:05 CST" duration-ms="265978">
      <class name="tests.GraphPageTests">
        <test-method is-config="true" signature="setUP(java.lang.String)[pri:0, instance:tests.GraphPageTests@5024f717]" started-at="2024-11-24T21:49:39 CST" name="setUP" finished-at="2024-11-24T21:50:43 CST" duration-ms="63659" status="PASS">
          <params>
            <param index="0">
              <value>
                <![CDATA[chrome]]>
              </value>
            </param>
          </params>
          <reporter-output>
          </reporter-output>
        </test-method> <!-- setUP -->
        <test-method is-config="true" signature="graphSetupBeforeMethod()[pri:0, instance:tests.GraphPageTests@5024f717]" started-at="2024-11-24T21:50:43 CST" name="graphSetupBeforeMethod" finished-at="2024-11-24T21:52:02 CST" duration-ms="79564" status="PASS">
          <reporter-output>
          </reporter-output>
        </test-method> <!-- graphSetupBeforeMethod -->
        <test-method signature="shouldNavigateToGraphPageFromTopicsCovered()[pri:0, instance:tests.GraphPageTests@5024f717]" started-at="2024-11-24T21:52:03 CST" name="shouldNavigateToGraphPageFromTopicsCovered" finished-at="2024-11-24T21:52:03 CST" duration-ms="714" status="PASS">
          <reporter-output>
          </reporter-output>
        </test-method> <!-- shouldNavigateToGraphPageFromTopicsCovered -->
        <test-method is-config="true" signature="graphSetupBeforeMethod()[pri:0, instance:tests.GraphPageTests@5024f717]" started-at="2024-11-24T21:52:03 CST" name="graphSetupBeforeMethod" finished-at="2024-11-24T21:52:26 CST" duration-ms="22658" status="PASS">
          <reporter-output>
          </reporter-output>
        </test-method> <!-- graphSetupBeforeMethod -->
        <test-method signature="shouldNavigateToGraphRepresentationsPageFromGraph()[pri:0, instance:tests.GraphPageTests@5024f717]" started-at="2024-11-24T21:52:26 CST" name="shouldNavigateToGraphRepresentationsPageFromGraph" finished-at="2024-11-24T21:52:27 CST" duration-ms="1354" status="PASS">
          <reporter-output>
          </reporter-output>
        </test-method> <!-- shouldNavigateToGraphRepresentationsPageFromGraph -->
        <test-method is-config="true" signature="graphSetupBeforeMethod()[pri:0, instance:tests.GraphPageTests@5024f717]" started-at="2024-11-24T21:52:27 CST" name="graphSetupBeforeMethod" finished-at="2024-11-24T21:52:42 CST" duration-ms="14784" status="PASS">
          <reporter-output>
          </reporter-output>
        </test-method> <!-- graphSetupBeforeMethod -->
        <test-method signature="shouldNavigateToGraphRepresentationsPageFromTopicsCovered()[pri:0, instance:tests.GraphPageTests@5024f717]" started-at="2024-11-24T21:52:42 CST" name="shouldNavigateToGraphRepresentationsPageFromTopicsCovered" finished-at="2024-11-24T21:52:43 CST" duration-ms="454" status="PASS">
          <reporter-output>
          </reporter-output>
        </test-method> <!-- shouldNavigateToGraphRepresentationsPageFromTopicsCovered -->
        <test-method is-config="true" signature="graphSetupBeforeMethod()[pri:0, instance:tests.GraphPageTests@5024f717]" started-at="2024-11-24T21:52:43 CST" name="graphSetupBeforeMethod" finished-at="2024-11-24T21:53:00 CST" duration-ms="17479" status="PASS">
          <reporter-output>
          </reporter-output>
        </test-method> <!-- graphSetupBeforeMethod -->
        <test-method signature="shouldNavigateToPracticeQuestionsPageFromGraphRepresentations()[pri:0, instance:tests.GraphPageTests@5024f717]" started-at="2024-11-24T21:53:00 CST" name="shouldNavigateToPracticeQuestionsPageFromGraphRepresentations" finished-at="2024-11-24T21:53:11 CST" duration-ms="11010" status="FAIL">
          <exception class="java.lang.AssertionError">
            <message>
              <![CDATA[functionality not implemented]]>
            </message>
            <full-stacktrace>
              <![CDATA[java.lang.AssertionError: functionality not implemented
at pages.GraphPage.getPageHeading(GraphPage.java:57)
at tests.GraphPageTests.assertPageUrlAndHeading(GraphPageTests.java:79)
at tests.GraphPageTests.shouldNavigateToPracticeQuestionsPageFromGraphRepresentations(GraphPageTests.java:58)
at java.base/jdk.internal.reflect.DirectMethodHandleAccessor.invoke(DirectMethodHandleAccessor.java:103)
at java.base/java.lang.reflect.Method.invoke(Method.java:580)
at org.testng.internal.MethodInvocationHelper.invokeMethod(MethodInvocationHelper.java:133)
at org.testng.internal.TestInvoker.invokeMethod(TestInvoker.java:598)
at org.testng.internal.TestInvoker.invokeTestMethod(TestInvoker.java:173)
at org.testng.internal.MethodRunner.runInSequence(MethodRunner.java:46)
at org.testng.internal.TestInvoker$MethodInvocationAgent.invoke(TestInvoker.java:824)
at org.testng.internal.TestInvoker.invokeTestMethods(TestInvoker.java:146)
at org.testng.internal.TestMethodWorker.invokeTestMethods(TestMethodWorker.java:146)
at org.testng.internal.TestMethodWorker.run(TestMethodWorker.java:128)
at java.base/java.util.ArrayList.forEach(ArrayList.java:1597)
at org.testng.TestRunner.privateRun(TestRunner.java:794)
at org.testng.TestRunner.run(TestRunner.java:596)
at org.testng.SuiteRunner.runTest(SuiteRunner.java:377)
at org.testng.SuiteRunner.runSequentially(SuiteRunner.java:371)
at org.testng.SuiteRunner.privateRun(SuiteRunner.java:332)
at org.testng.SuiteRunner.run(SuiteRunner.java:276)
at org.testng.SuiteRunnerWorker.runSuite(SuiteRunnerWorker.java:53)
at org.testng.SuiteRunnerWorker.run(SuiteRunnerWorker.java:96)
at org.testng.TestNG.runSuitesSequentially(TestNG.java:1212)
at org.testng.TestNG.runSuitesLocally(TestNG.java:1134)
at org.testng.TestNG.runSuites(TestNG.java:1063)
at org.testng.TestNG.run(TestNG.java:1031)
at org.testng.remote.AbstractRemoteTestNG.run(AbstractRemoteTestNG.java:115)
at org.testng.remote.RemoteTestNG.initAndRun(RemoteTestNG.java:293)
at org.testng.remote.RemoteTestNG.main(RemoteTestNG.java:91)
Caused by: org.openqa.selenium.TimeoutException: Expected condition failed: waiting for visibility of Proxy element for: DefaultElementLocator 'By.xpath: //strong//p[contains(@class,'bg-secondary')]' (tried for 10 second(s) with 500 milliseconds interval)
at org.openqa.selenium.support.ui.WebDriverWait.timeoutException(WebDriverWait.java:84)
at org.openqa.selenium.support.ui.FluentWait.until(FluentWait.java:228)
at utils.WebDriverWaitUtility.waitForElementToBeVisible(WebDriverWaitUtility.java:21)
at pages.GraphPage.getPageHeading(GraphPage.java:53)
... 28 more
Caused by: org.openqa.selenium.NoSuchElementException: no such element: Unable to locate element: {"method":"xpath","selector":"//strong//p[contains(@class,'bg-secondary')]"}
  (Session info: chrome=131.0.6778.86)
For documentation on this error, please visit: https://www.selenium.dev/documentation/webdriver/troubleshooting/errors#no-such-element-exception
Build info: version: '4.25.0', revision: '8a8aea2337'
System info: os.name: 'Windows 11', os.arch: 'amd64', os.version: '10.0', java.version: '22.0.2'
Driver info: org.openqa.selenium.chrome.ChromeDriver
Command: [e06b451eb5f517939351125d339b868f, findElement {using=xpath, value=//strong//p[contains(@class,'bg-secondary')]}]
Capabilities {acceptInsecureCerts: false, browserName: chrome, browserVersion: 131.0.6778.86, chrome: {chromedriverVersion: 131.0.6778.85 (3d81e41b6f3a..., userDataDir: C:\Users\srivi\AppData\Loca...}, fedcm:accounts: true, goog:chromeOptions: {debuggerAddress: localhost:49676}, networkConnectionEnabled: false, pageLoadStrategy: normal, platformName: windows, proxy: Proxy(), se:cdp: ws://localhost:49676/devtoo..., se:cdpVersion: 131.0.6778.86, setWindowRect: true, strictFileInteractability: false, timeouts: {implicit: 0, pageLoad: 300000, script: 30000}, unhandledPromptBehavior: dismiss and notify, webauthn:extension:credBlob: true, webauthn:extension:largeBlob: true, webauthn:extension:minPinLength: true, webauthn:extension:prf: true, webauthn:virtualAuthenticators: true}
Session ID: e06b451eb5f517939351125d339b868f
at java.base/jdk.internal.reflect.DirectConstructorHandleAccessor.newInstance(DirectConstructorHandleAccessor.java:62)
at java.base/java.lang.reflect.Constructor.newInstanceWithCaller(Constructor.java:502)
at java.base/java.lang.reflect.Constructor.newInstance(Constructor.java:486)
at org.openqa.selenium.remote.ErrorCodec.decode(ErrorCodec.java:167)
at org.openqa.selenium.remote.codec.w3c.W3CHttpResponseCodec.decode(W3CHttpResponseCodec.java:138)
at org.openqa.selenium.remote.codec.w3c.W3CHttpResponseCodec.decode(W3CHttpResponseCodec.java:50)
at org.openqa.selenium.remote.HttpCommandExecutor.execute(HttpCommandExecutor.java:190)
at org.openqa.selenium.remote.service.DriverCommandExecutor.invokeExecute(DriverCommandExecutor.java:216)
at org.openqa.selenium.remote.service.DriverCommandExecutor.execute(DriverCommandExecutor.java:174)
at org.openqa.selenium.remote.RemoteWebDriver.execute(RemoteWebDriver.java:545)
at org.openqa.selenium.remote.ElementLocation$ElementFinder$2.findElement(ElementLocation.java:165)
at org.openqa.selenium.remote.ElementLocation.findElement(ElementLocation.java:59)
at org.openqa.selenium.remote.RemoteWebDriver.findElement(RemoteWebDriver.java:368)
at org.openqa.selenium.remote.RemoteWebDriver.findElement(RemoteWebDriver.java:362)
at org.openqa.selenium.support.pagefactory.DefaultElementLocator.findElement(DefaultElementLocator.java:68)
at org.openqa.selenium.support.pagefactory.internal.LocatingElementHandler.invoke(LocatingElementHandler.java:38)
at jdk.proxy2/jdk.proxy2.$Proxy30.isDisplayed(Unknown Source)
at org.openqa.selenium.support.ui.ExpectedConditions.elementIfVisible(ExpectedConditions.java:304)
at org.openqa.selenium.support.ui.ExpectedConditions$10.apply(ExpectedConditions.java:290)
at org.openqa.selenium.support.ui.ExpectedConditions$10.apply(ExpectedConditions.java:287)
at org.openqa.selenium.support.ui.FluentWait.until(FluentWait.java:203)
... 30 more
]]>
            </full-stacktrace>
          </exception> <!-- java.lang.AssertionError -->
          <reporter-output>
          </reporter-output>
        </test-method> <!-- shouldNavigateToPracticeQuestionsPageFromGraphRepresentations -->
        <test-method is-config="true" signature="graphSetupBeforeMethod()[pri:0, instance:tests.GraphPageTests@5024f717]" started-at="2024-11-24T21:53:11 CST" name="graphSetupBeforeMethod" finished-at="2024-11-24T21:53:32 CST" duration-ms="20439" status="PASS">
          <reporter-output>
          </reporter-output>
        </test-method> <!-- graphSetupBeforeMethod -->
        <test-method signature="shouldNavigateToTryEditorFromGraph()[pri:0, instance:tests.GraphPageTests@5024f717]" started-at="2024-11-24T21:53:32 CST" name="shouldNavigateToTryEditorFromGraph" finished-at="2024-11-24T21:53:33 CST" duration-ms="1011" status="PASS">
          <reporter-output>
          </reporter-output>
        </test-method> <!-- shouldNavigateToTryEditorFromGraph -->
        <test-method is-config="true" signature="graphSetupBeforeMethod()[pri:0, instance:tests.GraphPageTests@5024f717]" started-at="2024-11-24T21:53:33 CST" name="graphSetupBeforeMethod" finished-at="2024-11-24T21:53:42 CST" duration-ms="9247" status="PASS">
          <reporter-output>
          </reporter-output>
        </test-method> <!-- graphSetupBeforeMethod -->
        <test-method signature="shouldNavigateToTryEditorFromGraphRepresentations()[pri:0, instance:tests.GraphPageTests@5024f717]" started-at="2024-11-24T21:53:42 CST" name="shouldNavigateToTryEditorFromGraphRepresentations" finished-at="2024-11-24T21:53:43 CST" duration-ms="661" status="PASS">
          <reporter-output>
          </reporter-output>
        </test-method> <!-- shouldNavigateToTryEditorFromGraphRepresentations -->
        <test-method is-config="true" signature="graphSetupBeforeMethod()[pri:0, instance:tests.GraphPageTests@5024f717]" started-at="2024-11-24T21:53:43 CST" name="graphSetupBeforeMethod" finished-at="2024-11-24T21:54:05 CST" duration-ms="22056" status="PASS">
          <reporter-output>
          </reporter-output>
        </test-method> <!-- graphSetupBeforeMethod -->
        <test-method signature="shouldLoadGraphHomePageSuccessfully()[pri:1, instance:tests.GraphPageTests@5024f717]" started-at="2024-11-24T21:54:05 CST" name="shouldLoadGraphHomePageSuccessfully" finished-at="2024-11-24T21:54:05 CST" duration-ms="15" status="PASS">
          <reporter-output>
          </reporter-output>
        </test-method> <!-- shouldLoadGraphHomePageSuccessfully -->
        <test-method is-config="true" signature="tearDown()[pri:0, instance:tests.GraphPageTests@5024f717]" started-at="2024-11-24T21:54:05 CST" name="tearDown" finished-at="2024-11-24T21:54:05 CST" duration-ms="260" status="PASS">
          <reporter-output>
          </reporter-output>
        </test-method> <!-- tearDown -->
      </class> <!-- tests.GraphPageTests -->
    </test> <!-- Default test -->
  </suite> <!-- Default suite -->
</testng-results>
